TN:
SF:/Users/ldsbro89/familySearch/elements/birch-components/birch-tree-tagger/birch-tree-tagger.html
FN:119,(anonymous_1)
FN:180,(anonymous_2)
FN:193,(anonymous_3)
FN:201,(anonymous_4)
FN:207,(anonymous_5)
FN:214,(anonymous_6)
FN:222,(anonymous_7)
FN:233,(anonymous_8)
FN:237,(anonymous_9)
FN:247,(anonymous_10)
FN:250,(anonymous_11)
FN:260,(anonymous_12)
FN:291,(anonymous_13)
FN:304,(anonymous_14)
FN:322,(anonymous_15)
FN:334,(anonymous_16)
FN:362,(anonymous_17)
FN:391,(anonymous_18)
FN:397,(anonymous_19)
FN:405,(anonymous_20)
FN:415,(anonymous_21)
FNF:21
FNH:17
FNDA:6,(anonymous_1)
FNDA:6,(anonymous_2)
FNDA:12,(anonymous_3)
FNDA:0,(anonymous_4)
FNDA:0,(anonymous_5)
FNDA:12,(anonymous_6)
FNDA:12,(anonymous_7)
FNDA:0,(anonymous_8)
FNDA:6,(anonymous_9)
FNDA:30,(anonymous_10)
FNDA:0,(anonymous_11)
FNDA:12,(anonymous_12)
FNDA:18,(anonymous_13)
FNDA:12,(anonymous_14)
FNDA:6,(anonymous_15)
FNDA:6,(anonymous_16)
FNDA:6,(anonymous_17)
FNDA:12,(anonymous_18)
FNDA:9,(anonymous_19)
FNDA:9,(anonymous_20)
FNDA:15,(anonymous_21)
DA:71,6
DA:119,6
DA:182,6
DA:183,6
DA:185,0
DA:187,6
DA:188,6
DA:194,12
DA:195,0
DA:202,0
DA:208,0
DA:209,0
DA:215,12
DA:216,12
DA:217,12
DA:223,12
DA:224,6
DA:226,6
DA:234,0
DA:235,0
DA:238,6
DA:239,0
DA:240,6
DA:241,0
DA:248,30
DA:249,30
DA:250,30
DA:251,0
DA:252,0
DA:253,0
DA:261,12
DA:263,12
DA:264,12
DA:265,12
DA:266,12
DA:267,0
DA:269,12
DA:270,12
DA:271,12
DA:273,12
DA:274,12
DA:275,12
DA:276,12
DA:277,12
DA:278,12
DA:279,12
DA:280,12
DA:283,12
DA:284,12
DA:285,12
DA:286,12
DA:292,18
DA:293,6
DA:294,12
DA:295,6
DA:296,6
DA:297,6
DA:298,0
DA:299,0
DA:301,0
DA:305,12
DA:306,12
DA:307,12
DA:308,6
DA:309,6
DA:310,6
DA:311,6
DA:313,6
DA:314,6
DA:315,6
DA:316,6
DA:323,6
DA:324,6
DA:325,6
DA:326,6
DA:327,6
DA:328,6
DA:335,6
DA:336,6
DA:337,0
DA:339,6
DA:342,6
DA:343,6
DA:344,6
DA:345,4
DA:347,2
DA:350,6
DA:351,6
DA:353,6
DA:354,0
DA:356,6
DA:363,6
DA:364,6
DA:365,0
DA:366,6
DA:367,6
DA:369,6
DA:370,6
DA:371,6
DA:372,6
DA:373,4
DA:375,2
DA:379,6
DA:380,6
DA:382,6
DA:383,0
DA:384,6
DA:385,6
DA:392,12
DA:393,12
DA:398,9
DA:399,9
DA:400,0
DA:402,9
DA:403,9
DA:406,9
DA:407,9
DA:408,0
DA:410,9
DA:416,15
DA:417,6
DA:419,9
LF:122
LH:100
BRDA:182,1,0,6
BRDA:182,1,1,0
BRDA:194,2,0,0
BRDA:194,2,1,12
BRDA:216,3,0,0
BRDA:216,3,1,12
BRDA:223,4,0,6
BRDA:223,4,1,6
BRDA:238,5,0,0
BRDA:238,5,1,6
BRDA:240,6,0,0
BRDA:240,6,1,6
BRDA:251,7,0,0
BRDA:251,7,1,0
BRDA:264,8,0,6
BRDA:264,8,1,6
BRDA:266,9,0,0
BRDA:266,9,1,12
BRDA:271,10,0,12
BRDA:271,10,1,0
BRDA:274,11,0,12
BRDA:274,11,1,0
BRDA:292,12,0,6
BRDA:292,12,1,12
BRDA:292,13,0,18
BRDA:292,13,1,6
BRDA:294,14,0,6
BRDA:294,14,1,6
BRDA:294,15,0,12
BRDA:294,15,1,6
BRDA:296,16,0,6
BRDA:296,16,1,0
BRDA:296,17,0,6
BRDA:296,17,1,6
BRDA:298,18,0,0
BRDA:298,18,1,0
BRDA:307,19,0,6
BRDA:307,19,1,6
BRDA:308,20,0,6
BRDA:308,20,1,0
BRDA:310,21,0,6
BRDA:310,21,1,6
BRDA:313,22,0,0
BRDA:313,22,1,6
BRDA:315,23,0,6
BRDA:315,23,1,0
BRDA:325,24,0,6
BRDA:325,24,1,0
BRDA:328,25,0,6
BRDA:328,25,1,0
BRDA:336,26,0,0
BRDA:336,26,1,6
BRDA:336,27,0,6
BRDA:336,27,1,6
BRDA:344,28,0,4
BRDA:344,28,1,2
BRDA:353,29,0,0
BRDA:353,29,1,6
BRDA:354,30,0,0
BRDA:354,30,1,0
BRDA:356,31,0,6
BRDA:356,31,1,0
BRDA:364,32,0,0
BRDA:364,32,1,6
BRDA:364,33,0,6
BRDA:364,33,1,6
BRDA:366,34,0,6
BRDA:366,34,1,0
BRDA:370,35,0,6
BRDA:370,35,1,0
BRDA:372,36,0,4
BRDA:372,36,1,2
BRDA:382,37,0,0
BRDA:382,37,1,6
BRDA:382,38,0,6
BRDA:382,38,1,0
BRDA:383,39,0,0
BRDA:383,39,1,0
BRDA:384,40,0,6
BRDA:384,40,1,0
BRDA:385,41,0,6
BRDA:385,41,1,0
BRDA:399,42,0,0
BRDA:399,42,1,9
BRDA:407,43,0,0
BRDA:407,43,1,9
BRDA:416,44,0,6
BRDA:416,44,1,9
BRF:88
BRH:54
end_of_record
